app/build/intermediates/manifest_merge_blame_file/debug/processDebugMainManifest/manifest-merger-blame-debug-report.txt
1<?xml version="1.0" encoding="utf-8"?>
2<manifest xmlns:android="http://schemas.android.com/apk/res/android"
3    package="il.co.radioapp.debug"
4    android:versionCode="1"
5    android:versionName="1.0" >
6
7    <uses-sdk
8        android:minSdkVersion="24"
9        android:targetSdkVersion="35" />
10
11    <uses-permission android:name="android.permission.INTERNET" />
11-->src\main\AndroidManifest.xml:4:5-66
11-->src\main\AndroidManifest.xml:4:22-64
12    <uses-permission android:name="android.permission.FOREGROUND_SERVICE" />
12-->src\main\AndroidManifest.xml:5:5-76
12-->src\main\AndroidManifest.xml:5:22-74
13    <uses-permission android:name="android.permission.FOREGROUND_SERVICE_MEDIA_PLAYBACK" />
13-->src\main\AndroidManifest.xml:6:5-91
13-->src\main\AndroidManifest.xml:6:22-89
14    <uses-permission android:name="android.permission.POST_NOTIFICATIONS" />
14-->src\main\AndroidManifest.xml:7:5-76
14-->src\main\AndroidManifest.xml:7:22-74
15    <uses-permission android:name="android.permission.WAKE_LOCK" />
15-->src\main\AndroidManifest.xml:8:5-67
15-->src\main\AndroidManifest.xml:8:22-65
16    <uses-permission android:name="android.permission.ACCESS_NETWORK_STATE" />
16-->[androidx.media3:media3-common:1.5.1] AndroidManifest.xml:22:5-79
16-->[androidx.media3:media3-common:1.5.1] AndroidManifest.xml:22:22-76
17
18    <permission
18-->[androidx.core:core:1.15.0] AndroidManifest.xml:22:5-24:47
19        android:name="il.co.radioapp.debug.DYNAMIC_RECEIVER_NOT_EXPORTED_PERMISSION"
19-->[androidx.core:core:1.15.0] AndroidManifest.xml:23:9-81
20        android:protectionLevel="signature" />
20-->[androidx.core:core:1.15.0] AndroidManifest.xml:24:9-44
21
22    <uses-permission android:name="il.co.radioapp.debug.DYNAMIC_RECEIVER_NOT_EXPORTED_PERMISSION" />
22-->[androidx.core:core:1.15.0] AndroidManifest.xml:26:5-97
22-->[androidx.core:core:1.15.0] AndroidManifest.xml:26:22-94
23
24    <application
24-->src\main\AndroidManifest.xml:10:5-75:19
25        android:name="il.co.radioapp.RadioApp"
25-->src\main\AndroidManifest.xml:11:9-33
26        android:allowBackup="true"
26-->src\main\AndroidManifest.xml:12:9-35
27        android:appComponentFactory="androidx.core.app.CoreComponentFactory"
27-->[androidx.core:core:1.15.0] AndroidManifest.xml:28:18-86
28        android:debuggable="true"
29        android:extractNativeLibs="false"
30        android:icon="@mipmap/ic_launcher"
30-->src\main\AndroidManifest.xml:14:9-43
31        android:label="@string/app_name"
31-->src\main\AndroidManifest.xml:15:9-41
32        android:networkSecurityConfig="@xml/network_security_config"
32-->src\main\AndroidManifest.xml:13:9-69
33        android:supportsRtl="true"
33-->src\main\AndroidManifest.xml:16:9-35
34        android:testOnly="true"
35        android:theme="@style/Theme.RadioIsrael"
35-->src\main\AndroidManifest.xml:17:9-49
36        android:usesCleartextTraffic="true" >
36-->src\main\AndroidManifest.xml:18:9-44
37        <activity
37-->src\main\AndroidManifest.xml:20:9-29:20
38            android:name="il.co.radioapp.MainActivity"
38-->src\main\AndroidManifest.xml:21:13-41
39            android:exported="true"
39-->src\main\AndroidManifest.xml:22:13-36
40            android:launchMode="singleTop"
40-->src\main\AndroidManifest.xml:23:13-43
41            android:windowSoftInputMode="adjustResize" >
41-->src\main\AndroidManifest.xml:24:13-55
42            <intent-filter>
42-->src\main\AndroidManifest.xml:25:13-28:29
43                <action android:name="android.intent.action.MAIN" />
43-->src\main\AndroidManifest.xml:26:17-68
43-->src\main\AndroidManifest.xml:26:25-66
44
45                <category android:name="android.intent.category.LAUNCHER" />
45-->src\main\AndroidManifest.xml:27:17-76
45-->src\main\AndroidManifest.xml:27:27-74
46            </intent-filter>
47        </activity>
48        <activity
48-->src\main\AndroidManifest.xml:31:9-35:57
49            android:name="il.co.radioapp.CatalogEditorActivity"
49-->src\main\AndroidManifest.xml:32:13-50
50            android:exported="false"
50-->src\main\AndroidManifest.xml:33:13-37
51            android:parentActivityName="il.co.radioapp.MainActivity"
51-->src\main\AndroidManifest.xml:35:13-55
52            android:windowSoftInputMode="adjustResize" />
52-->src\main\AndroidManifest.xml:34:13-55
53        <activity
53-->src\main\AndroidManifest.xml:37:9-41:57
54            android:name="il.co.radioapp.Top25EditorActivity"
54-->src\main\AndroidManifest.xml:38:13-48
55            android:exported="false"
55-->src\main\AndroidManifest.xml:39:13-37
56            android:parentActivityName="il.co.radioapp.MainActivity"
56-->src\main\AndroidManifest.xml:41:13-55
57            android:windowSoftInputMode="adjustResize" />
57-->src\main\AndroidManifest.xml:40:13-55
58        <activity
58-->src\main\AndroidManifest.xml:43:9-47:57
59            android:name="il.co.radioapp.SearchActivity"
59-->src\main\AndroidManifest.xml:44:13-43
60            android:exported="false"
60-->src\main\AndroidManifest.xml:45:13-37
61            android:parentActivityName="il.co.radioapp.MainActivity"
61-->src\main\AndroidManifest.xml:47:13-55
62            android:windowSoftInputMode="stateVisible|adjustResize" />
62-->src\main\AndroidManifest.xml:46:13-68
63        <activity
63-->src\main\AndroidManifest.xml:49:9-52:57
64            android:name="il.co.radioapp.PlayerActivity"
64-->src\main\AndroidManifest.xml:50:13-43
65            android:exported="false"
65-->src\main\AndroidManifest.xml:51:13-37
66            android:parentActivityName="il.co.radioapp.MainActivity" />
66-->src\main\AndroidManifest.xml:52:13-55
67
68        <service
68-->src\main\AndroidManifest.xml:54:9-61:19
69            android:name="il.co.radioapp.service.RadioPlayerService"
69-->src\main\AndroidManifest.xml:55:13-55
70            android:exported="false"
70-->src\main\AndroidManifest.xml:56:13-37
71            android:foregroundServiceType="mediaPlayback" >
71-->src\main\AndroidManifest.xml:57:13-58
72            <intent-filter>
72-->src\main\AndroidManifest.xml:58:13-60:29
73                <action android:name="androidx.media3.session.MediaSessionService" />
73-->src\main\AndroidManifest.xml:59:17-85
73-->src\main\AndroidManifest.xml:59:25-83
74            </intent-filter>
75        </service>
76
77        <receiver
77-->src\main\AndroidManifest.xml:63:9-73:20
78            android:name="il.co.radioapp.receiver.NotificationActionReceiver"
78-->src\main\AndroidManifest.xml:64:13-64
79            android:exported="false" >
79-->src\main\AndroidManifest.xml:65:13-37
80            <intent-filter>
80-->src\main\AndroidManifest.xml:66:13-72:29
81                <action android:name="il.co.radioapp.PLAY" />
81-->src\main\AndroidManifest.xml:67:17-61
81-->src\main\AndroidManifest.xml:67:25-59
82                <action android:name="il.co.radioapp.PAUSE" />
82-->src\main\AndroidManifest.xml:68:17-62
82-->src\main\AndroidManifest.xml:68:25-60
83                <action android:name="il.co.radioapp.NEXT" />
83-->src\main\AndroidManifest.xml:69:17-61
83-->src\main\AndroidManifest.xml:69:25-59
84                <action android:name="il.co.radioapp.PREV" />
84-->src\main\AndroidManifest.xml:70:17-61
84-->src\main\AndroidManifest.xml:70:25-59
85                <action android:name="il.co.radioapp.STOP" />
85-->src\main\AndroidManifest.xml:71:17-61
85-->src\main\AndroidManifest.xml:71:25-59
86            </intent-filter>
87        </receiver>
88
89        <provider
89-->[androidx.emoji2:emoji2:1.3.0] AndroidManifest.xml:24:9-32:20
90            android:name="androidx.startup.InitializationProvider"
90-->[androidx.emoji2:emoji2:1.3.0] AndroidManifest.xml:25:13-67
91            android:authorities="il.co.radioapp.debug.androidx-startup"
91-->[androidx.emoji2:emoji2:1.3.0] AndroidManifest.xml:26:13-68
92            android:exported="false" >
92-->[androidx.emoji2:emoji2:1.3.0] AndroidManifest.xml:27:13-37
93            <meta-data
93-->[androidx.emoji2:emoji2:1.3.0] AndroidManifest.xml:29:13-31:52
94                android:name="androidx.emoji2.text.EmojiCompatInitializer"
94-->[androidx.emoji2:emoji2:1.3.0] AndroidManifest.xml:30:17-75
95                android:value="androidx.startup" />
95-->[androidx.emoji2:emoji2:1.3.0] AndroidManifest.xml:31:17-49
96            <meta-data
96-->[androidx.lifecycle:lifecycle-process:2.8.7] AndroidManifest.xml:29:13-31:52
97                android:name="androidx.lifecycle.ProcessLifecycleInitializer"
97-->[androidx.lifecycle:lifecycle-process:2.8.7] AndroidManifest.xml:30:17-78
98                android:value="androidx.startup" />
98-->[androidx.lifecycle:lifecycle-process:2.8.7] AndroidManifest.xml:31:17-49
99            <meta-data
99-->[androidx.profileinstaller:profileinstaller:1.4.0] AndroidManifest.xml:29:13-31:52
100                android:name="androidx.profileinstaller.ProfileInstallerInitializer"
100-->[androidx.profileinstaller:profileinstaller:1.4.0] AndroidManifest.xml:30:17-85
101                android:value="androidx.startup" />
101-->[androidx.profileinstaller:profileinstaller:1.4.0] AndroidManifest.xml:31:17-49
102        </provider>
103
104        <receiver
104-->[androidx.profileinstaller:profileinstaller:1.4.0] AndroidManifest.xml:34:9-52:20
105            android:name="androidx.profileinstaller.ProfileInstallReceiver"
105-->[androidx.profileinstaller:profileinstaller:1.4.0] AndroidManifest.xml:35:13-76
106            android:directBootAware="false"
106-->[androidx.profileinstaller:profileinstaller:1.4.0] AndroidManifest.xml:36:13-44
107            android:enabled="true"
107-->[androidx.profileinstaller:profileinstaller:1.4.0] AndroidManifest.xml:37:13-35
108            android:exported="true"
108-->[androidx.profileinstaller:profileinstaller:1.4.0] AndroidManifest.xml:38:13-36
109            android:permission="android.permission.DUMP" >
109-->[androidx.profileinstaller:profileinstaller:1.4.0] AndroidManifest.xml:39:13-57
110            <intent-filter>
110-->[androidx.profileinstaller:profileinstaller:1.4.0] AndroidManifest.xml:40:13-42:29
111                <action android:name="androidx.profileinstaller.action.INSTALL_PROFILE" />
111-->[androidx.profileinstaller:profileinstaller:1.4.0] AndroidManifest.xml:41:17-91
111-->[androidx.profileinstaller:profileinstaller:1.4.0] AndroidManifest.xml:41:25-88
112            </intent-filter>
113            <intent-filter>
113-->[androidx.profileinstaller:profileinstaller:1.4.0] AndroidManifest.xml:43:13-45:29
114                <action android:name="androidx.profileinstaller.action.SKIP_FILE" />
114-->[androidx.profileinstaller:profileinstaller:1.4.0] AndroidManifest.xml:44:17-85
114-->[androidx.profileinstaller:profileinstaller:1.4.0] AndroidManifest.xml:44:25-82
115            </intent-filter>
116            <intent-filter>
116-->[androidx.profileinstaller:profileinstaller:1.4.0] AndroidManifest.xml:46:13-48:29
117                <action android:name="androidx.profileinstaller.action.SAVE_PROFILE" />
117-->[androidx.profileinstaller:profileinstaller:1.4.0] AndroidManifest.xml:47:17-88
117-->[androidx.profileinstaller:profileinstaller:1.4.0] AndroidManifest.xml:47:25-85
118            </intent-filter>
119            <intent-filter>
119-->[androidx.profileinstaller:profileinstaller:1.4.0] AndroidManifest.xml:49:13-51:29
120                <action android:name="androidx.profileinstaller.action.BENCHMARK_OPERATION" />
120-->[androidx.profileinstaller:profileinstaller:1.4.0] AndroidManifest.xml:50:17-95
120-->[androidx.profileinstaller:profileinstaller:1.4.0] AndroidManifest.xml:50:25-92
121            </intent-filter>
122        </receiver>
123    </application>
124
125</manifest>